[2021-04-14 06:53:05] production.ERROR: RuntimeException: The only supported ciphers are AES-128-CBC and AES-256-CBC with the correct key lengths. in C:\xampp\htdocs\Scientist-Laravel\vendor\laravel\framework\src\Illuminate\Encryption\Encrypter.php:85
Stack trace:
#0 C:\xampp\htdocs\Scientist-Laravel\vendor\laravel\framework\src\Illuminate\Encryption\EncryptionServiceProvider.php(53): Illuminate\Encryption\Encrypter->__construct('', 'AES-256-CBC')
#1 C:\xampp\htdocs\Scientist-Laravel\vendor\laravel\framework\src\Illuminate\Container\Container.php(1451): Illuminate\Encryption\EncryptionServiceProvider->Illuminate\Encryption\{closure}(Object(Illuminate\Foundation\Application), Array)
#2 C:\xampp\htdocs\Scientist-Laravel\vendor\laravel\framework\src\Illuminate\Container\Container.php(1215): Illuminate\Container\Container->build(Object(Closure))
#3 C:\xampp\htdocs\Scientist-Laravel\vendor\laravel\framework\src\Illuminate\Container\Container.php(1149): Illuminate\Container\Container->resolve('encrypter')
#4 C:\xampp\htdocs\Scientist-Laravel\vendor\laravel\framework\src\Illuminate\Foundation\Application.php(1455): Illuminate\Container\Container->make('encrypter')
#5 C:\xampp\htdocs\Scientist-Laravel\vendor\laravel\framework\src\Illuminate\Container\Container.php(1723): Illuminate\Foundation\Application->make('encrypter')
#6 C:\xampp\htdocs\Scientist-Laravel\vendor\laravel\framework\src\Illuminate\Container\Container.php(1579): Illuminate\Container\Container->resolveClass(Object(ReflectionParameter))
#7 C:\xampp\htdocs\Scientist-Laravel\vendor\laravel\framework\src\Illuminate\Container\Container.php(1513): Illuminate\Container\Container->resolveDependencies(Array)
#8 C:\xampp\htdocs\Scientist-Laravel\vendor\laravel\framework\src\Illuminate\Container\Container.php(1215): Illuminate\Container\Container->build('App\\Http\\Middle...')
#9 C:\xampp\htdocs\Scientist-Laravel\vendor\laravel\framework\src\Illuminate\Container\Container.php(1149): Illuminate\Container\Container->resolve('App\\Http\\Middle...')
#10 C:\xampp\htdocs\Scientist-Laravel\vendor\laravel\framework\src\Illuminate\Foundation\Application.php(1455): Illuminate\Container\Container->make('App\\Http\\Middle...')
#11 C:\xampp\htdocs\Scientist-Laravel\vendor\laravel\framework\src\Illuminate\Pipeline\Pipeline.php(275): Illuminate\Foundation\Application->make('App\\Http\\Middle...')
#12 C:\xampp\htdocs\Scientist-Laravel\vendor\laravel\framework\src\Illuminate\Routing\Pipeline.php(105): Illuminate\Pipeline\Pipeline->Illuminate\Pipeline\{closure}(Object(Illuminate\Http\Request))
#13 C:\xampp\htdocs\Scientist-Laravel\vendor\laravel\framework\src\Illuminate\Pipeline\Pipeline.php(203): Illuminate\Routing\Pipeline->Illuminate\Routing\{closure}(Object(Illuminate\Http\Request))
#14 C:\xampp\htdocs\Scientist-Laravel\vendor\laravel\framework\src\Illuminate\Routing\Router.php(1147): Illuminate\Pipeline\Pipeline->then(Object(Closure))
#15 C:\xampp\htdocs\Scientist-Laravel\vendor\laravel\framework\src\Illuminate\Routing\Router.php(1065): Illuminate\Routing\Router->runRouteWithinStack(Object(Illuminate\Routing\Route), Object(Illuminate\Http\Request))
#16 C:\xampp\htdocs\Scientist-Laravel\vendor\laravel\framework\src\Illuminate\Routing\Router.php(1021): Illuminate\Routing\Router->dispatchToRoute(Object(Illuminate\Http\Request))
#17 C:\xampp\htdocs\Scientist-Laravel\vendor\laravel\framework\src\Illuminate\Foundation\Http\Kernel.php(351): Illuminate\Routing\Router->dispatch(Object(Illuminate\Http\Request))
#18 C:\xampp\htdocs\Scientist-Laravel\vendor\laravel\framework\src\Illuminate\Routing\Pipeline.php(59): Illuminate\Foundation\Http\Kernel->Illuminate\Foundation\Http\{closure}(Object(Illuminate\Http\Request))
#19 C:\xampp\htdocs\Scientist-Laravel\vendor\laravel\framework\src\Illuminate\Foundation\Http\Middleware\TransformsRequest.php(59): Illuminate\Routing\Pipeline->Illuminate\Routing\{closure}(Object(Illuminate\Http\Request))
#20 C:\xampp\htdocs\Scientist-Laravel\vendor\laravel\framework\src\Illuminate\Pipeline\Pipeline.php(295): Illuminate\Foundation\Http\Middleware\TransformsRequest->handle(Object(Illuminate\Http\Request), Object(Closure))
#21 C:\xampp\htdocs\Scientist-Laravel\vendor\laravel\framework\src\Illuminate\Routing\Pipeline.php(105): Illuminate\Pipeline\Pipeline->Illuminate\Pipeline\{closure}(Object(Illuminate\Http\Request))
#22 C:\xampp\htdocs\Scientist-Laravel\vendor\laravel\framework\src\Illuminate\Foundation\Http\Middleware\TransformsRequest.php(59): Illuminate\Routing\Pipeline->Illuminate\Routing\{closure}(Object(Illuminate\Http\Request))
#23 C:\xampp\htdocs\Scientist-Laravel\vendor\laravel\framework\src\Illuminate\Pipeline\Pipeline.php(295): Illuminate\Foundation\Http\Middleware\TransformsRequest->handle(Object(Illuminate\Http\Request), Object(Closure))
#24 C:\xampp\htdocs\Scientist-Laravel\vendor\laravel\framework\src\Illuminate\Routing\Pipeline.php(105): Illuminate\Pipeline\Pipeline->Illuminate\Pipeline\{closure}(Object(Illuminate\Http\Request))
#25 C:\xampp\htdocs\Scientist-Laravel\vendor\laravel\framework\src\Illuminate\Foundation\Http\Middleware\ValidatePostSize.php(53): Illuminate\Routing\Pipeline->Illuminate\Routing\{closure}(Object(Illuminate\Http\Request))
#26 C:\xampp\htdocs\Scientist-Laravel\vendor\laravel\framework\src\Illuminate\Pipeline\Pipeline.php(295): Illuminate\Foundation\Http\Middleware\ValidatePostSize->handle(Object(Illuminate\Http\Request), Object(Closure))
#27 C:\xampp\htdocs\Scientist-Laravel\vendor\laravel\framework\src\Illuminate\Routing\Pipeline.php(105): Illuminate\Pipeline\Pipeline->Illuminate\Pipeline\{closure}(Object(Illuminate\Http\Request))
#28 C:\xampp\htdocs\Scientist-Laravel\vendor\laravel\framework\src\Illuminate\Foundation\Http\Middleware\CheckForMaintenanceMode.php(91): Illuminate\Routing\Pipeline->Illuminate\Routing\{closure}(Object(Illuminate\Http\Request))
#29 C:\xampp\htdocs\Scientist-Laravel\vendor\laravel\framework\src\Illuminate\Pipeline\Pipeline.php(295): Illuminate\Foundation\Http\Middleware\CheckForMaintenanceMode->handle(Object(Illuminate\Http\Request), Object(Closure))
#30 C:\xampp\htdocs\Scientist-Laravel\vendor\laravel\framework\src\Illuminate\Routing\Pipeline.php(105): Illuminate\Pipeline\Pipeline->Illuminate\Pipeline\{closure}(Object(Illuminate\Http\Request))
#31 C:\xampp\htdocs\Scientist-Laravel\vendor\laravel\framework\src\Illuminate\Pipeline\Pipeline.php(203): Illuminate\Routing\Pipeline->Illuminate\Routing\{closure}(Object(Illuminate\Http\Request))
#32 C:\xampp\htdocs\Scientist-Laravel\vendor\laravel\framework\src\Illuminate\Foundation\Http\Kernel.php(301): Illuminate\Pipeline\Pipeline->then(Object(Closure))
#33 C:\xampp\htdocs\Scientist-Laravel\vendor\laravel\framework\src\Illuminate\Foundation\Http\Kernel.php(231): Illuminate\Foundation\Http\Kernel->sendRequestThroughRouter(Object(Illuminate\Http\Request))
#34 C:\xampp\htdocs\Scientist-Laravel\index.php(53): Illuminate\Foundation\Http\Kernel->handle(Object(Illuminate\Http\Request))
#35 {main}  
[2021-04-14 06:53:05] production.ERROR: RuntimeException: The only supported ciphers are AES-128-CBC and AES-256-CBC with the correct key lengths. in C:\xampp\htdocs\Scientist-Laravel\vendor\laravel\framework\src\Illuminate\Encryption\Encrypter.php:85
Stack trace:
#0 C:\xampp\htdocs\Scientist-Laravel\vendor\laravel\framework\src\Illuminate\Encryption\EncryptionServiceProvider.php(53): Illuminate\Encryption\Encrypter->__construct('', 'AES-256-CBC')
#1 C:\xampp\htdocs\Scientist-Laravel\vendor\laravel\framework\src\Illuminate\Container\Container.php(1451): Illuminate\Encryption\EncryptionServiceProvider->Illuminate\Encryption\{closure}(Object(Illuminate\Foundation\Application), Array)
#2 C:\xampp\htdocs\Scientist-Laravel\vendor\laravel\framework\src\Illuminate\Container\Container.php(1215): Illuminate\Container\Container->build(Object(Closure))
#3 C:\xampp\htdocs\Scientist-Laravel\vendor\laravel\framework\src\Illuminate\Container\Container.php(1149): Illuminate\Container\Container->resolve('encrypter')
#4 C:\xampp\htdocs\Scientist-Laravel\vendor\laravel\framework\src\Illuminate\Foundation\Application.php(1455): Illuminate\Container\Container->make('encrypter')
#5 C:\xampp\htdocs\Scientist-Laravel\vendor\laravel\framework\src\Illuminate\Container\Container.php(1723): Illuminate\Foundation\Application->make('encrypter')
#6 C:\xampp\htdocs\Scientist-Laravel\vendor\laravel\framework\src\Illuminate\Container\Container.php(1579): Illuminate\Container\Container->resolveClass(Object(ReflectionParameter))
#7 C:\xampp\htdocs\Scientist-Laravel\vendor\laravel\framework\src\Illuminate\Container\Container.php(1513): Illuminate\Container\Container->resolveDependencies(Array)
#8 C:\xampp\htdocs\Scientist-Laravel\vendor\laravel\framework\src\Illuminate\Container\Container.php(1215): Illuminate\Container\Container->build('App\\Http\\Middle...')
#9 C:\xampp\htdocs\Scientist-Laravel\vendor\laravel\framework\src\Illuminate\Container\Container.php(1149): Illuminate\Container\Container->resolve('App\\Http\\Middle...')
#10 C:\xampp\htdocs\Scientist-Laravel\vendor\laravel\framework\src\Illuminate\Foundation\Application.php(1455): Illuminate\Container\Container->make('App\\Http\\Middle...')
#11 C:\xampp\htdocs\Scientist-Laravel\vendor\laravel\framework\src\Illuminate\Foundation\Http\Kernel.php(429): Illuminate\Foundation\Application->make('App\\Http\\Middle...')
#12 C:\xampp\htdocs\Scientist-Laravel\vendor\laravel\framework\src\Illuminate\Foundation\Http\Kernel.php(377): Illuminate\Foundation\Http\Kernel->terminateMiddleware(Object(Illuminate\Http\Request), Object(Illuminate\Http\Response))
#13 C:\xampp\htdocs\Scientist-Laravel\index.php(58): Illuminate\Foundation\Http\Kernel->terminate(Object(Illuminate\Http\Request), Object(Illuminate\Http\Response))
#14 {main}  
